<?xml version="1.0" encoding="UTF-8"?>
<!-- Generated by org.testng.reporters.JUnitReportReporter -->
<testsuite hostname="Ganesh" failures="0" tests="1" name="mvnproject.udemy.login" time="46.461" errors="0" timestamp="2022-08-22T23:10:35 IST" skipped="0">
  <testcase classname="mvnproject.udemy.login" name="first" time="46.461"/>
  <system-out/>
</testsuite> <!-- mvnproject.udemy.login -->
