<?xml version="1.0" encoding="UTF-8"?>
<!-- Generated by org.testng.reporters.JUnitReportReporter -->
<testsuite hostname="Ganesh" failures="0" tests="1" name="pageobject.login" time="5.880" errors="0" timestamp="2022-07-12T01:54:12 IST" skipped="0">
  <testcase classname="pageobject.login" name="login" time="5.880"/>
  <system-out/>
</testsuite> <!-- pageobject.login -->
